2025-09-20 9:24:16 - MOD: Modification Default

FILE: system/engine/action.php
REGEX: ~(require|include)(_once)?\(([^)]+)~
LINE: 69

FILE: system/engine/loader.php
REGEX: ~(require|include)(_once)?\(([^)]+)~
LINE: 77
LINE: 151
LINE: 168

FILE: system/library/config.php
REGEX: ~(require|include)(_once)?\(([^)]+)~
LINE: 59

FILE: system/library/language.php
REGEX: ~(require|include)(_once)?\(([^)]+)~
LINE: 67
LINE: 73

FILE: system/library/template/template.php
REGEX: ~(require|include)(_once)?\(([^)]+)~
LINE: 18

FILE: system/library/template/twig.php
CODE: $loader = new \Twig_Loader_Filesystem(DIR_TEMPLATE);
LINE: 19
----------------------------------------------------------------
MOD: PHPMailer Integration

FILE: admin/view/template/setting/setting.twig
CODE: <option value="smtp">{{ text_smtp }}</option>
LINE: 1099

FILE: system/library/mail.php
CODE: public $parameter;
LINE: 24
CODE: public function send() {
LINE: 125
----------------------------------------------------------------
MOD: Social Login By Tejas Rana

FILE: catalog/view/theme/default/template/account/login.twig
CODE: <div class="well">
NOT FOUND - OPERATIONS ABORTED!

FILE: catalog/controller/account/login.php
CODE: $data['header'] = $this->load->controller('common/header');
LINE: 372
----------------------------------------------------------------
MOD: WebP Image Converter

FILE: catalog/model/tool/image.php
CODE: if ($this->request->server['HTTPS']) {
LINE: 84
CODE: return JOURNAL3_STATIC_URL . 'image/' . $image_new;
NOT FOUND - OPERATIONS ABORTED!
----------------------------------------------------------------
2025-11-08 11:12:51 - MOD: Modification Default

FILE: system/engine/action.php
REGEX: ~(require|include)(_once)?\(([^)]+)~
LINE: 69

FILE: system/engine/loader.php
REGEX: ~(require|include)(_once)?\(([^)]+)~
LINE: 77
LINE: 151
LINE: 168

FILE: system/library/config.php
REGEX: ~(require|include)(_once)?\(([^)]+)~
LINE: 59

FILE: system/library/language.php
REGEX: ~(require|include)(_once)?\(([^)]+)~
LINE: 67
LINE: 73

FILE: system/library/template/template.php
REGEX: ~(require|include)(_once)?\(([^)]+)~
LINE: 18

FILE: system/library/template/twig.php
CODE: $loader = new \Twig_Loader_Filesystem(DIR_TEMPLATE);
LINE: 19
----------------------------------------------------------------
MOD: PHPMailer Integration

FILE: admin/view/template/setting/setting.twig
CODE: <option value="smtp">{{ text_smtp }}</option>
LINE: 1099

FILE: system/library/mail.php
CODE: public $parameter;
LINE: 24
CODE: public function send() {
LINE: 125
----------------------------------------------------------------
MOD: Social Login By Tejas Rana

FILE: catalog/view/theme/default/template/account/login.twig
CODE: <div class="well">
NOT FOUND - OPERATIONS ABORTED!

FILE: catalog/controller/account/login.php
CODE: $data['header'] = $this->load->controller('common/header');
LINE: 372
----------------------------------------------------------------
MOD: WebP Image Converter

FILE: catalog/model/tool/image.php
CODE: if ($this->request->server['HTTPS']) {
LINE: 84
CODE: return JOURNAL3_STATIC_URL . 'image/' . $image_new;
NOT FOUND - OPERATIONS ABORTED!
----------------------------------------------------------------
2025-11-12 6:51:20 - MOD: Modification Default

FILE: system/engine/action.php
REGEX: ~(require|include)(_once)?\(([^)]+)~
LINE: 69

FILE: system/engine/loader.php
REGEX: ~(require|include)(_once)?\(([^)]+)~
LINE: 77
LINE: 151
LINE: 168

FILE: system/library/config.php
REGEX: ~(require|include)(_once)?\(([^)]+)~
LINE: 59

FILE: system/library/language.php
REGEX: ~(require|include)(_once)?\(([^)]+)~
LINE: 67
LINE: 73

FILE: system/library/template/template.php
REGEX: ~(require|include)(_once)?\(([^)]+)~
LINE: 18

FILE: system/library/template/twig.php
CODE: $loader = new \Twig_Loader_Filesystem(DIR_TEMPLATE);
LINE: 19
----------------------------------------------------------------
MOD: PHPMailer Integration

FILE: admin/view/template/setting/setting.twig
CODE: <option value="smtp">{{ text_smtp }}</option>
LINE: 1099

FILE: system/library/mail.php
CODE: public $parameter;
LINE: 24
CODE: public function send() {
LINE: 125
----------------------------------------------------------------
MOD: Social Login By Tejas Rana

FILE: catalog/view/theme/default/template/account/login.twig
CODE: <div class="well">
NOT FOUND - OPERATIONS ABORTED!

FILE: catalog/controller/account/login.php
CODE: $data['header'] = $this->load->controller('common/header');
LINE: 372
----------------------------------------------------------------
MOD: WebP Image Converter

FILE: catalog/model/tool/image.php
CODE: if ($this->request->server['HTTPS']) {
LINE: 34
CODE: return JOURNAL3_STATIC_URL . 'image/' . $image_new;
NOT FOUND - OPERATIONS ABORTED!
----------------------------------------------------------------
2025-11-12 8:49:39 - MOD: Modification Default

FILE: system/engine/action.php
REGEX: ~(require|include)(_once)?\(([^)]+)~
LINE: 69

FILE: system/engine/loader.php
REGEX: ~(require|include)(_once)?\(([^)]+)~
LINE: 77
LINE: 151
LINE: 168

FILE: system/library/config.php
REGEX: ~(require|include)(_once)?\(([^)]+)~
LINE: 59

FILE: system/library/language.php
REGEX: ~(require|include)(_once)?\(([^)]+)~
LINE: 67
LINE: 73

FILE: system/library/template/template.php
REGEX: ~(require|include)(_once)?\(([^)]+)~
LINE: 18

FILE: system/library/template/twig.php
CODE: $loader = new \Twig_Loader_Filesystem(DIR_TEMPLATE);
LINE: 19
----------------------------------------------------------------
MOD: PHPMailer Integration

FILE: admin/view/template/setting/setting.twig
CODE: <option value="smtp">{{ text_smtp }}</option>
LINE: 1099

FILE: system/library/mail.php
CODE: public $parameter;
LINE: 24
CODE: public function send() {
LINE: 125
----------------------------------------------------------------
MOD: Social Login By Tejas Rana

FILE: catalog/view/theme/default/template/account/login.twig
CODE: <div class="well">
NOT FOUND - OPERATIONS ABORTED!

FILE: catalog/controller/account/login.php
CODE: $data['header'] = $this->load->controller('common/header');
LINE: 372
----------------------------------------------------------------
MOD: WebP Image Converter

FILE: catalog/model/tool/image.php
CODE: if ($this->request->server['HTTPS']) {
LINE: 34
CODE: return JOURNAL3_STATIC_URL . 'image/' . $image_new;
NOT FOUND - OPERATIONS ABORTED!
----------------------------------------------------------------
