2023-09-14 10:23:44 - MOD: Modification Default

FILE: system/engine/action.php
REGEX: ~(require|include)(_once)?\(([^)]+)~
LINE: 69

FILE: system/engine/loader.php
REGEX: ~(require|include)(_once)?\(([^)]+)~
LINE: 77
LINE: 151
LINE: 168

FILE: system/library/config.php
REGEX: ~(require|include)(_once)?\(([^)]+)~
LINE: 59

FILE: system/library/language.php
REGEX: ~(require|include)(_once)?\(([^)]+)~
LINE: 67
LINE: 73

FILE: system/library/template/template.php
REGEX: ~(require|include)(_once)?\(([^)]+)~
LINE: 18

FILE: system/library/template/twig.php
CODE: $loader = new \Twig_Loader_Filesystem(DIR_TEMPLATE);
LINE: 19
----------------------------------------------------------------
MOD: Social Login By Tejas Rana

FILE: catalog/view/theme/default/template/account/login.twig
CODE: <div class="well">
LINE: 24
LINE: 31
CODE: type="submit"
LINE: 84
CODE: {{ footer }}
LINE: 99

FILE: catalog/controller/account/login.php
CODE: $data['header'] = $this->load->controller('common/header');
LINE: 372
----------------------------------------------------------------
2023-09-14 10:41:06 - MOD: Modification Default

FILE: system/engine/action.php
REGEX: ~(require|include)(_once)?\(([^)]+)~
LINE: 69

FILE: system/engine/loader.php
REGEX: ~(require|include)(_once)?\(([^)]+)~
LINE: 77
LINE: 151
LINE: 168

FILE: system/library/config.php
REGEX: ~(require|include)(_once)?\(([^)]+)~
LINE: 59

FILE: system/library/language.php
REGEX: ~(require|include)(_once)?\(([^)]+)~
LINE: 67
LINE: 73

FILE: system/library/template/template.php
REGEX: ~(require|include)(_once)?\(([^)]+)~
LINE: 18

FILE: system/library/template/twig.php
CODE: $loader = new \Twig_Loader_Filesystem(DIR_TEMPLATE);
LINE: 19
----------------------------------------------------------------
MOD: Social Login By Tejas Rana

FILE: catalog/view/theme/default/template/account/login.twig
CODE: <div class="well">
LINE: 24
LINE: 31
CODE: type="submit"
LINE: 84
CODE: {{ footer }}
LINE: 99

FILE: catalog/controller/account/login.php
CODE: $data['header'] = $this->load->controller('common/header');
LINE: 372
----------------------------------------------------------------
2023-09-14 10:43:37 - MOD: Modification Default

FILE: system/engine/action.php
REGEX: ~(require|include)(_once)?\(([^)]+)~
LINE: 69

FILE: system/engine/loader.php
REGEX: ~(require|include)(_once)?\(([^)]+)~
LINE: 77
LINE: 151
LINE: 168

FILE: system/library/config.php
REGEX: ~(require|include)(_once)?\(([^)]+)~
LINE: 59

FILE: system/library/language.php
REGEX: ~(require|include)(_once)?\(([^)]+)~
LINE: 67
LINE: 73

FILE: system/library/template/template.php
REGEX: ~(require|include)(_once)?\(([^)]+)~
LINE: 18

FILE: system/library/template/twig.php
CODE: $loader = new \Twig_Loader_Filesystem(DIR_TEMPLATE);
LINE: 19
----------------------------------------------------------------
MOD: Facebook Business Extension

FILE: admin/controller/common/column_left.php
CODE: public function index(
LINE: 24

FILE: admin/controller/common/dashboard.php
CODE: public function index(
LINE: 45

FILE: catalog/controller/common/header.php
CODE: public function index(
LINE: 33
CODE: public function index(
LINE: 19

FILE: catalog/view/theme/default/template/common/header.twig
CODE: </head>
LINE: 274
CODE: </header>
NOT FOUND - OPERATIONS ABORTED!

FILE: catalog/view/theme/default/template/product/product.twig
CODE: {{ footer }}
LINE: 552
LINE: 2306

FILE: admin/view/template/common/dashboard.twig
CODE: <div class="container-fluid">{% if error_install %}
LINE: 32

FILE: admin/language/en-gb/common/dashboard.php
CODE: <?php
LINE: 8

FILE: system/engine/router.php
CODE: public function __construct($registry
LINE: 37
CODE: while ($action instanceof Action) {
LINE: 76
CODE: public function dispatch(Action $action, Action $error) {
LINE: 60
CODE: while ($action) {
NOT FOUND - OPERATIONS ABORTED!
CODE: public function dispatch($action, $error) {
NOT FOUND - OPERATIONS ABORTED!
CODE: $result = $this->execute($pre_action);
LINE: 74

FILE: catalog/language/en-gb/common/header.php
CODE: <?php
LINE: 6

FILE: catalog/controller/common/footer.php
CODE: public function index(
LINE: 33
CODE: public function index(
LINE: 19

FILE: catalog/view/theme/default/template/common/footer.twig
CODE: </footer>
LINE: 171
LINE: 587
CODE: </footer>
LINE: 182
LINE: 609
----------------------------------------------------------------
MOD: Social Login By Tejas Rana

FILE: catalog/view/theme/default/template/account/login.twig
CODE: <div class="well">
LINE: 24
LINE: 31
CODE: type="submit"
LINE: 84
CODE: {{ footer }}
LINE: 99

FILE: catalog/controller/account/login.php
CODE: $data['header'] = $this->load->controller('common/header');
LINE: 372
----------------------------------------------------------------
2023-09-14 10:44:21 - MOD: Modification Default

FILE: system/engine/action.php
REGEX: ~(require|include)(_once)?\(([^)]+)~
LINE: 69

FILE: system/engine/loader.php
REGEX: ~(require|include)(_once)?\(([^)]+)~
LINE: 77
LINE: 151
LINE: 168

FILE: system/library/config.php
REGEX: ~(require|include)(_once)?\(([^)]+)~
LINE: 59

FILE: system/library/language.php
REGEX: ~(require|include)(_once)?\(([^)]+)~
LINE: 67
LINE: 73

FILE: system/library/template/template.php
REGEX: ~(require|include)(_once)?\(([^)]+)~
LINE: 18

FILE: system/library/template/twig.php
CODE: $loader = new \Twig_Loader_Filesystem(DIR_TEMPLATE);
LINE: 19
----------------------------------------------------------------
MOD: Facebook Business Extension

FILE: admin/controller/common/column_left.php
CODE: public function index(
LINE: 24

FILE: admin/controller/common/dashboard.php
CODE: public function index(
LINE: 45

FILE: catalog/controller/common/header.php
CODE: public function index(
LINE: 33
CODE: public function index(
LINE: 19

FILE: catalog/view/theme/default/template/common/header.twig
CODE: </head>
LINE: 274
CODE: </header>
NOT FOUND - OPERATIONS ABORTED!

FILE: catalog/view/theme/default/template/product/product.twig
CODE: {{ footer }}
LINE: 552
LINE: 2306

FILE: admin/view/template/common/dashboard.twig
CODE: <div class="container-fluid">{% if error_install %}
LINE: 32

FILE: admin/language/en-gb/common/dashboard.php
CODE: <?php
LINE: 8

FILE: system/engine/router.php
CODE: public function __construct($registry
LINE: 37
CODE: while ($action instanceof Action) {
LINE: 76
CODE: public function dispatch(Action $action, Action $error) {
LINE: 60
CODE: while ($action) {
NOT FOUND - OPERATIONS ABORTED!
CODE: public function dispatch($action, $error) {
NOT FOUND - OPERATIONS ABORTED!
CODE: $result = $this->execute($pre_action);
LINE: 74

FILE: catalog/language/en-gb/common/header.php
CODE: <?php
LINE: 6

FILE: catalog/controller/common/footer.php
CODE: public function index(
LINE: 33
CODE: public function index(
LINE: 19

FILE: catalog/view/theme/default/template/common/footer.twig
CODE: </footer>
LINE: 171
LINE: 587
CODE: </footer>
LINE: 182
LINE: 609
----------------------------------------------------------------
MOD: Social Login By Tejas Rana

FILE: catalog/view/theme/default/template/account/login.twig
CODE: <div class="well">
LINE: 24
LINE: 31
CODE: type="submit"
LINE: 84
CODE: {{ footer }}
LINE: 99

FILE: catalog/controller/account/login.php
CODE: $data['header'] = $this->load->controller('common/header');
LINE: 372
----------------------------------------------------------------
2023-09-14 10:46:23 - MOD: Modification Default

FILE: system/engine/action.php
REGEX: ~(require|include)(_once)?\(([^)]+)~
LINE: 69

FILE: system/engine/loader.php
REGEX: ~(require|include)(_once)?\(([^)]+)~
LINE: 77
LINE: 151
LINE: 168

FILE: system/library/config.php
REGEX: ~(require|include)(_once)?\(([^)]+)~
LINE: 59

FILE: system/library/language.php
REGEX: ~(require|include)(_once)?\(([^)]+)~
LINE: 67
LINE: 73

FILE: system/library/template/template.php
REGEX: ~(require|include)(_once)?\(([^)]+)~
LINE: 18

FILE: system/library/template/twig.php
CODE: $loader = new \Twig_Loader_Filesystem(DIR_TEMPLATE);
LINE: 19
----------------------------------------------------------------
MOD: Social Login By Tejas Rana

FILE: catalog/view/theme/default/template/account/login.twig
CODE: <div class="well">
LINE: 24
LINE: 31
CODE: type="submit"
LINE: 84
CODE: {{ footer }}
LINE: 99

FILE: catalog/controller/account/login.php
CODE: $data['header'] = $this->load->controller('common/header');
LINE: 372
----------------------------------------------------------------
2023-09-14 10:51:03 - MOD: Modification Default

FILE: system/engine/action.php
REGEX: ~(require|include)(_once)?\(([^)]+)~
LINE: 69

FILE: system/engine/loader.php
REGEX: ~(require|include)(_once)?\(([^)]+)~
LINE: 77
LINE: 151
LINE: 168

FILE: system/library/config.php
REGEX: ~(require|include)(_once)?\(([^)]+)~
LINE: 59

FILE: system/library/language.php
REGEX: ~(require|include)(_once)?\(([^)]+)~
LINE: 67
LINE: 73

FILE: system/library/template/template.php
REGEX: ~(require|include)(_once)?\(([^)]+)~
LINE: 18

FILE: system/library/template/twig.php
CODE: $loader = new \Twig_Loader_Filesystem(DIR_TEMPLATE);
LINE: 19
----------------------------------------------------------------
MOD: Social Login By Tejas Rana

FILE: catalog/view/theme/default/template/account/login.twig
CODE: <div class="well">
LINE: 24
LINE: 31
CODE: type="submit"
LINE: 84
CODE: {{ footer }}
LINE: 99

FILE: catalog/controller/account/login.php
CODE: $data['header'] = $this->load->controller('common/header');
LINE: 372
----------------------------------------------------------------
2023-11-09 11:42:15 - MOD: Modification Default

FILE: system/engine/action.php
REGEX: ~(require|include)(_once)?\(([^)]+)~
LINE: 69

FILE: system/engine/loader.php
REGEX: ~(require|include)(_once)?\(([^)]+)~
LINE: 77
LINE: 151
LINE: 168

FILE: system/library/config.php
REGEX: ~(require|include)(_once)?\(([^)]+)~
LINE: 59

FILE: system/library/language.php
REGEX: ~(require|include)(_once)?\(([^)]+)~
LINE: 67
LINE: 73

FILE: system/library/template/template.php
REGEX: ~(require|include)(_once)?\(([^)]+)~
LINE: 18

FILE: system/library/template/twig.php
CODE: $loader = new \Twig_Loader_Filesystem(DIR_TEMPLATE);
LINE: 19
----------------------------------------------------------------
MOD: Social Login By Tejas Rana

FILE: catalog/view/theme/default/template/account/login.twig
CODE: <div class="well">
LINE: 24
LINE: 31
CODE: type="submit"
LINE: 84
CODE: {{ footer }}
LINE: 99

FILE: catalog/controller/account/login.php
CODE: $data['header'] = $this->load->controller('common/header');
LINE: 372
----------------------------------------------------------------
2023-11-09 12:43:52 - MOD: Modification Default

FILE: system/engine/action.php
REGEX: ~(require|include)(_once)?\(([^)]+)~
LINE: 69

FILE: system/engine/loader.php
REGEX: ~(require|include)(_once)?\(([^)]+)~
LINE: 77
LINE: 151
LINE: 168

FILE: system/library/config.php
REGEX: ~(require|include)(_once)?\(([^)]+)~
LINE: 59

FILE: system/library/language.php
REGEX: ~(require|include)(_once)?\(([^)]+)~
LINE: 67
LINE: 73

FILE: system/library/template/template.php
REGEX: ~(require|include)(_once)?\(([^)]+)~
LINE: 18

FILE: system/library/template/twig.php
CODE: $loader = new \Twig_Loader_Filesystem(DIR_TEMPLATE);
LINE: 19
----------------------------------------------------------------
MOD: Social Login By Tejas Rana

FILE: catalog/view/theme/default/template/account/login.twig
CODE: <div class="well">
LINE: 24
LINE: 31
CODE: type="submit"
LINE: 84
CODE: {{ footer }}
LINE: 99

FILE: catalog/controller/account/login.php
CODE: $data['header'] = $this->load->controller('common/header');
LINE: 372
----------------------------------------------------------------
2023-12-08 6:36:23 - MOD: Modification Default

FILE: system/engine/action.php
REGEX: ~(require|include)(_once)?\(([^)]+)~
LINE: 69

FILE: system/engine/loader.php
REGEX: ~(require|include)(_once)?\(([^)]+)~
LINE: 77
LINE: 151
LINE: 168

FILE: system/library/config.php
REGEX: ~(require|include)(_once)?\(([^)]+)~
LINE: 59

FILE: system/library/language.php
REGEX: ~(require|include)(_once)?\(([^)]+)~
LINE: 67
LINE: 73

FILE: system/library/template/template.php
REGEX: ~(require|include)(_once)?\(([^)]+)~
LINE: 18

FILE: system/library/template/twig.php
CODE: $loader = new \Twig_Loader_Filesystem(DIR_TEMPLATE);
LINE: 19
----------------------------------------------------------------
MOD: Social Login By Tejas Rana

FILE: catalog/view/theme/default/template/account/login.twig
CODE: <div class="well">
LINE: 24
LINE: 31
CODE: type="submit"
LINE: 84
CODE: {{ footer }}
LINE: 99

FILE: catalog/controller/account/login.php
CODE: $data['header'] = $this->load->controller('common/header');
LINE: 372
----------------------------------------------------------------
2023-12-09 10:29:59 - MOD: Modification Default

FILE: system/engine/action.php
REGEX: ~(require|include)(_once)?\(([^)]+)~
LINE: 69

FILE: system/engine/loader.php
REGEX: ~(require|include)(_once)?\(([^)]+)~
LINE: 77
LINE: 151
LINE: 168

FILE: system/library/config.php
REGEX: ~(require|include)(_once)?\(([^)]+)~
LINE: 59

FILE: system/library/language.php
REGEX: ~(require|include)(_once)?\(([^)]+)~
LINE: 67
LINE: 73

FILE: system/library/template/template.php
REGEX: ~(require|include)(_once)?\(([^)]+)~
LINE: 18

FILE: system/library/template/twig.php
CODE: $loader = new \Twig_Loader_Filesystem(DIR_TEMPLATE);
LINE: 19
----------------------------------------------------------------
MOD: Social Login By Tejas Rana

FILE: catalog/view/theme/default/template/account/login.twig
CODE: <div class="well">
LINE: 24
LINE: 31
CODE: type="submit"
LINE: 84
CODE: {{ footer }}
LINE: 99

FILE: catalog/controller/account/login.php
CODE: $data['header'] = $this->load->controller('common/header');
LINE: 372
----------------------------------------------------------------
2023-12-09 10:30:22 - MOD: Modification Default

FILE: system/engine/action.php
REGEX: ~(require|include)(_once)?\(([^)]+)~
LINE: 69

FILE: system/engine/loader.php
REGEX: ~(require|include)(_once)?\(([^)]+)~
LINE: 77
LINE: 151
LINE: 168

FILE: system/library/config.php
REGEX: ~(require|include)(_once)?\(([^)]+)~
LINE: 59

FILE: system/library/language.php
REGEX: ~(require|include)(_once)?\(([^)]+)~
LINE: 67
LINE: 73

FILE: system/library/template/template.php
REGEX: ~(require|include)(_once)?\(([^)]+)~
LINE: 18

FILE: system/library/template/twig.php
CODE: $loader = new \Twig_Loader_Filesystem(DIR_TEMPLATE);
LINE: 19
----------------------------------------------------------------
MOD: Social Login By Tejas Rana

FILE: catalog/view/theme/default/template/account/login.twig
CODE: <div class="well">
LINE: 24
LINE: 31
CODE: type="submit"
LINE: 84
CODE: {{ footer }}
LINE: 99

FILE: catalog/controller/account/login.php
CODE: $data['header'] = $this->load->controller('common/header');
LINE: 372
----------------------------------------------------------------
2023-12-22 12:44:10 - MOD: Modification Default

FILE: system/engine/action.php
REGEX: ~(require|include)(_once)?\(([^)]+)~
LINE: 69

FILE: system/engine/loader.php
REGEX: ~(require|include)(_once)?\(([^)]+)~
LINE: 77
LINE: 151
LINE: 168

FILE: system/library/config.php
REGEX: ~(require|include)(_once)?\(([^)]+)~
LINE: 59

FILE: system/library/language.php
REGEX: ~(require|include)(_once)?\(([^)]+)~
LINE: 67
LINE: 73

FILE: system/library/template/template.php
REGEX: ~(require|include)(_once)?\(([^)]+)~
LINE: 18

FILE: system/library/template/twig.php
CODE: $loader = new \Twig_Loader_Filesystem(DIR_TEMPLATE);
LINE: 19
----------------------------------------------------------------
MOD: Social Login By Tejas Rana

FILE: catalog/view/theme/default/template/account/login.twig
CODE: <div class="well">
LINE: 24
LINE: 31
CODE: type="submit"
LINE: 84
CODE: {{ footer }}
LINE: 99

FILE: catalog/controller/account/login.php
CODE: $data['header'] = $this->load->controller('common/header');
LINE: 372
----------------------------------------------------------------
2024-01-08 10:37:18 - MOD: Modification Default

FILE: system/engine/action.php
REGEX: ~(require|include)(_once)?\(([^)]+)~
LINE: 69

FILE: system/engine/loader.php
REGEX: ~(require|include)(_once)?\(([^)]+)~
LINE: 77
LINE: 151
LINE: 168

FILE: system/library/config.php
REGEX: ~(require|include)(_once)?\(([^)]+)~
LINE: 59

FILE: system/library/language.php
REGEX: ~(require|include)(_once)?\(([^)]+)~
LINE: 67
LINE: 73

FILE: system/library/template/template.php
REGEX: ~(require|include)(_once)?\(([^)]+)~
LINE: 18

FILE: system/library/template/twig.php
CODE: $loader = new \Twig_Loader_Filesystem(DIR_TEMPLATE);
LINE: 19
----------------------------------------------------------------
MOD: Social Login By Tejas Rana

FILE: catalog/view/theme/default/template/account/login.twig
CODE: <div class="well">
LINE: 24
LINE: 31
CODE: type="submit"
LINE: 84
CODE: {{ footer }}
LINE: 99

FILE: catalog/controller/account/login.php
CODE: $data['header'] = $this->load->controller('common/header');
LINE: 372
----------------------------------------------------------------
2024-02-02 10:37:17 - MOD: Modification Default

FILE: system/engine/action.php
REGEX: ~(require|include)(_once)?\(([^)]+)~
LINE: 69

FILE: system/engine/loader.php
REGEX: ~(require|include)(_once)?\(([^)]+)~
LINE: 77
LINE: 151
LINE: 168

FILE: system/library/config.php
REGEX: ~(require|include)(_once)?\(([^)]+)~
LINE: 59

FILE: system/library/language.php
REGEX: ~(require|include)(_once)?\(([^)]+)~
LINE: 67
LINE: 73

FILE: system/library/template/template.php
REGEX: ~(require|include)(_once)?\(([^)]+)~
LINE: 18

FILE: system/library/template/twig.php
CODE: $loader = new \Twig_Loader_Filesystem(DIR_TEMPLATE);
LINE: 19
----------------------------------------------------------------
MOD: Social Login By Tejas Rana

FILE: catalog/view/theme/default/template/account/login.twig
CODE: <div class="well">
LINE: 24
LINE: 31
CODE: type="submit"
LINE: 84
CODE: {{ footer }}
LINE: 99

FILE: catalog/controller/account/login.php
CODE: $data['header'] = $this->load->controller('common/header');
LINE: 372
----------------------------------------------------------------
2024-02-03 7:23:04 - MOD: Modification Default

FILE: system/engine/action.php
REGEX: ~(require|include)(_once)?\(([^)]+)~
LINE: 69

FILE: system/engine/loader.php
REGEX: ~(require|include)(_once)?\(([^)]+)~
LINE: 77
LINE: 151
LINE: 168

FILE: system/library/config.php
REGEX: ~(require|include)(_once)?\(([^)]+)~
LINE: 59

FILE: system/library/language.php
REGEX: ~(require|include)(_once)?\(([^)]+)~
LINE: 67
LINE: 73

FILE: system/library/template/template.php
REGEX: ~(require|include)(_once)?\(([^)]+)~
LINE: 18

FILE: system/library/template/twig.php
CODE: $loader = new \Twig_Loader_Filesystem(DIR_TEMPLATE);
LINE: 19
----------------------------------------------------------------
MOD: Social Login By Tejas Rana

FILE: catalog/view/theme/default/template/account/login.twig
CODE: <div class="well">
LINE: 24
LINE: 31
CODE: type="submit"
LINE: 84
CODE: {{ footer }}
LINE: 99

FILE: catalog/controller/account/login.php
CODE: $data['header'] = $this->load->controller('common/header');
LINE: 372
----------------------------------------------------------------
2024-02-03 7:54:07 - MOD: Modification Default

FILE: system/engine/action.php
REGEX: ~(require|include)(_once)?\(([^)]+)~
LINE: 69

FILE: system/engine/loader.php
REGEX: ~(require|include)(_once)?\(([^)]+)~
LINE: 77
LINE: 151
LINE: 168

FILE: system/library/config.php
REGEX: ~(require|include)(_once)?\(([^)]+)~
LINE: 59

FILE: system/library/language.php
REGEX: ~(require|include)(_once)?\(([^)]+)~
LINE: 67
LINE: 73

FILE: system/library/template/template.php
REGEX: ~(require|include)(_once)?\(([^)]+)~
LINE: 18

FILE: system/library/template/twig.php
CODE: $loader = new \Twig_Loader_Filesystem(DIR_TEMPLATE);
LINE: 19
----------------------------------------------------------------
MOD: Social Login By Tejas Rana

FILE: catalog/view/theme/default/template/account/login.twig
CODE: <div class="well">
LINE: 24
LINE: 31
CODE: type="submit"
LINE: 84
CODE: {{ footer }}
LINE: 99

FILE: catalog/controller/account/login.php
CODE: $data['header'] = $this->load->controller('common/header');
LINE: 372
----------------------------------------------------------------
2024-02-03 8:30:52 - MOD: Modification Default

FILE: system/engine/action.php
REGEX: ~(require|include)(_once)?\(([^)]+)~
LINE: 69

FILE: system/engine/loader.php
REGEX: ~(require|include)(_once)?\(([^)]+)~
LINE: 77
LINE: 151
LINE: 168

FILE: system/library/config.php
REGEX: ~(require|include)(_once)?\(([^)]+)~
LINE: 59

FILE: system/library/language.php
REGEX: ~(require|include)(_once)?\(([^)]+)~
LINE: 67
LINE: 73

FILE: system/library/template/template.php
REGEX: ~(require|include)(_once)?\(([^)]+)~
LINE: 18

FILE: system/library/template/twig.php
CODE: $loader = new \Twig_Loader_Filesystem(DIR_TEMPLATE);
LINE: 19
----------------------------------------------------------------
MOD: Social Login By Tejas Rana

FILE: catalog/view/theme/default/template/account/login.twig
CODE: <div class="well">
LINE: 24
LINE: 31
CODE: type="submit"
LINE: 84
CODE: {{ footer }}
LINE: 99

FILE: catalog/controller/account/login.php
CODE: $data['header'] = $this->load->controller('common/header');
LINE: 372
----------------------------------------------------------------
2024-02-03 8:37:05 - MOD: Modification Default

FILE: system/engine/action.php
REGEX: ~(require|include)(_once)?\(([^)]+)~
LINE: 69

FILE: system/engine/loader.php
REGEX: ~(require|include)(_once)?\(([^)]+)~
LINE: 77
LINE: 151
LINE: 168

FILE: system/library/config.php
REGEX: ~(require|include)(_once)?\(([^)]+)~
LINE: 59

FILE: system/library/language.php
REGEX: ~(require|include)(_once)?\(([^)]+)~
LINE: 67
LINE: 73

FILE: system/library/template/template.php
REGEX: ~(require|include)(_once)?\(([^)]+)~
LINE: 18

FILE: system/library/template/twig.php
CODE: $loader = new \Twig_Loader_Filesystem(DIR_TEMPLATE);
LINE: 19
----------------------------------------------------------------
MOD: Social Login By Tejas Rana

FILE: catalog/view/theme/default/template/account/login.twig
CODE: <div class="well">
LINE: 24
LINE: 31
CODE: type="submit"
LINE: 84
CODE: {{ footer }}
LINE: 99

FILE: catalog/controller/account/login.php
CODE: $data['header'] = $this->load->controller('common/header');
LINE: 372
----------------------------------------------------------------
2024-02-16 12:51:48 - MOD: Modification Default

FILE: system/engine/action.php
REGEX: ~(require|include)(_once)?\(([^)]+)~
LINE: 69

FILE: system/engine/loader.php
REGEX: ~(require|include)(_once)?\(([^)]+)~
LINE: 77
LINE: 151
LINE: 168

FILE: system/library/config.php
REGEX: ~(require|include)(_once)?\(([^)]+)~
LINE: 59

FILE: system/library/language.php
REGEX: ~(require|include)(_once)?\(([^)]+)~
LINE: 67
LINE: 73

FILE: system/library/template/template.php
REGEX: ~(require|include)(_once)?\(([^)]+)~
LINE: 18

FILE: system/library/template/twig.php
CODE: $loader = new \Twig_Loader_Filesystem(DIR_TEMPLATE);
LINE: 19
----------------------------------------------------------------
MOD: Social Login By Tejas Rana

FILE: catalog/view/theme/default/template/account/login.twig
CODE: <div class="well">
LINE: 24
LINE: 31
CODE: type="submit"
LINE: 84
CODE: {{ footer }}
LINE: 99

FILE: catalog/controller/account/login.php
CODE: $data['header'] = $this->load->controller('common/header');
LINE: 372
----------------------------------------------------------------
2024-02-16 12:53:09 - MOD: Modification Default

FILE: system/engine/action.php
REGEX: ~(require|include)(_once)?\(([^)]+)~
LINE: 69

FILE: system/engine/loader.php
REGEX: ~(require|include)(_once)?\(([^)]+)~
LINE: 77
LINE: 151
LINE: 168

FILE: system/library/config.php
REGEX: ~(require|include)(_once)?\(([^)]+)~
LINE: 59

FILE: system/library/language.php
REGEX: ~(require|include)(_once)?\(([^)]+)~
LINE: 67
LINE: 73

FILE: system/library/template/template.php
REGEX: ~(require|include)(_once)?\(([^)]+)~
LINE: 18

FILE: system/library/template/twig.php
CODE: $loader = new \Twig_Loader_Filesystem(DIR_TEMPLATE);
LINE: 19
----------------------------------------------------------------
MOD: Social Login By Tejas Rana

FILE: catalog/view/theme/default/template/account/login.twig
CODE: <div class="well">
LINE: 24
LINE: 31
CODE: type="submit"
LINE: 84
CODE: {{ footer }}
LINE: 99

FILE: catalog/controller/account/login.php
CODE: $data['header'] = $this->load->controller('common/header');
LINE: 372
----------------------------------------------------------------
2024-02-21 9:40:35 - MOD: Modification Default

FILE: system/engine/action.php
REGEX: ~(require|include)(_once)?\(([^)]+)~
LINE: 69

FILE: system/engine/loader.php
REGEX: ~(require|include)(_once)?\(([^)]+)~
LINE: 77
LINE: 151
LINE: 168

FILE: system/library/config.php
REGEX: ~(require|include)(_once)?\(([^)]+)~
LINE: 59

FILE: system/library/language.php
REGEX: ~(require|include)(_once)?\(([^)]+)~
LINE: 67
LINE: 73

FILE: system/library/template/template.php
REGEX: ~(require|include)(_once)?\(([^)]+)~
LINE: 18

FILE: system/library/template/twig.php
CODE: $loader = new \Twig_Loader_Filesystem(DIR_TEMPLATE);
LINE: 19
----------------------------------------------------------------
MOD: Social Login By Tejas Rana

FILE: catalog/view/theme/default/template/account/login.twig
CODE: <div class="well">
LINE: 24
LINE: 31
CODE: type="submit"
LINE: 84
CODE: {{ footer }}
LINE: 99

FILE: catalog/controller/account/login.php
CODE: $data['header'] = $this->load->controller('common/header');
LINE: 372
----------------------------------------------------------------
2024-02-22 6:57:36 - MOD: Modification Default

FILE: system/engine/action.php
REGEX: ~(require|include)(_once)?\(([^)]+)~
LINE: 69

FILE: system/engine/loader.php
REGEX: ~(require|include)(_once)?\(([^)]+)~
LINE: 77
LINE: 151
LINE: 168

FILE: system/library/config.php
REGEX: ~(require|include)(_once)?\(([^)]+)~
LINE: 59

FILE: system/library/language.php
REGEX: ~(require|include)(_once)?\(([^)]+)~
LINE: 67
LINE: 73

FILE: system/library/template/template.php
REGEX: ~(require|include)(_once)?\(([^)]+)~
LINE: 18

FILE: system/library/template/twig.php
CODE: $loader = new \Twig_Loader_Filesystem(DIR_TEMPLATE);
LINE: 19
----------------------------------------------------------------
MOD: Social Login By Tejas Rana

FILE: catalog/view/theme/default/template/account/login.twig
CODE: <div class="well">
LINE: 24
LINE: 31
CODE: type="submit"
LINE: 84
CODE: {{ footer }}
LINE: 99

FILE: catalog/controller/account/login.php
CODE: $data['header'] = $this->load->controller('common/header');
LINE: 372
----------------------------------------------------------------
2024-02-22 6:59:54 - MOD: Modification Default

FILE: system/engine/action.php
REGEX: ~(require|include)(_once)?\(([^)]+)~
LINE: 69

FILE: system/engine/loader.php
REGEX: ~(require|include)(_once)?\(([^)]+)~
LINE: 77
LINE: 151
LINE: 168

FILE: system/library/config.php
REGEX: ~(require|include)(_once)?\(([^)]+)~
LINE: 59

FILE: system/library/language.php
REGEX: ~(require|include)(_once)?\(([^)]+)~
LINE: 67
LINE: 73

FILE: system/library/template/template.php
REGEX: ~(require|include)(_once)?\(([^)]+)~
LINE: 18

FILE: system/library/template/twig.php
CODE: $loader = new \Twig_Loader_Filesystem(DIR_TEMPLATE);
LINE: 19
----------------------------------------------------------------
MOD: Social Login By Tejas Rana

FILE: catalog/view/theme/default/template/account/login.twig
CODE: <div class="well">
LINE: 24
LINE: 31
CODE: type="submit"
LINE: 84
CODE: {{ footer }}
LINE: 99

FILE: catalog/controller/account/login.php
CODE: $data['header'] = $this->load->controller('common/header');
LINE: 372
----------------------------------------------------------------
2024-02-22 7:27:49 - MOD: Modification Default

FILE: system/engine/action.php
REGEX: ~(require|include)(_once)?\(([^)]+)~
LINE: 69

FILE: system/engine/loader.php
REGEX: ~(require|include)(_once)?\(([^)]+)~
LINE: 77
LINE: 151
LINE: 168

FILE: system/library/config.php
REGEX: ~(require|include)(_once)?\(([^)]+)~
LINE: 59

FILE: system/library/language.php
REGEX: ~(require|include)(_once)?\(([^)]+)~
LINE: 67
LINE: 73

FILE: system/library/template/template.php
REGEX: ~(require|include)(_once)?\(([^)]+)~
LINE: 18

FILE: system/library/template/twig.php
CODE: $loader = new \Twig_Loader_Filesystem(DIR_TEMPLATE);
LINE: 19
----------------------------------------------------------------
MOD: Social Login By Tejas Rana

FILE: catalog/view/theme/default/template/account/login.twig
CODE: <div class="well">
LINE: 24
LINE: 31
CODE: type="submit"
LINE: 84
CODE: {{ footer }}
LINE: 99

FILE: catalog/controller/account/login.php
CODE: $data['header'] = $this->load->controller('common/header');
LINE: 372
----------------------------------------------------------------
2024-02-22 7:29:28 - MOD: Modification Default

FILE: system/engine/action.php
REGEX: ~(require|include)(_once)?\(([^)]+)~
LINE: 69

FILE: system/engine/loader.php
REGEX: ~(require|include)(_once)?\(([^)]+)~
LINE: 77
LINE: 151
LINE: 168

FILE: system/library/config.php
REGEX: ~(require|include)(_once)?\(([^)]+)~
LINE: 59

FILE: system/library/language.php
REGEX: ~(require|include)(_once)?\(([^)]+)~
LINE: 67
LINE: 73

FILE: system/library/template/template.php
REGEX: ~(require|include)(_once)?\(([^)]+)~
LINE: 18

FILE: system/library/template/twig.php
CODE: $loader = new \Twig_Loader_Filesystem(DIR_TEMPLATE);
LINE: 19
----------------------------------------------------------------
MOD: Social Login By Tejas Rana

FILE: catalog/view/theme/default/template/account/login.twig
CODE: <div class="well">
LINE: 24
LINE: 31
CODE: type="submit"
LINE: 84
CODE: {{ footer }}
LINE: 99

FILE: catalog/controller/account/login.php
CODE: $data['header'] = $this->load->controller('common/header');
LINE: 372
----------------------------------------------------------------
2024-02-27 9:07:23 - MOD: Modification Default

FILE: system/engine/action.php
REGEX: ~(require|include)(_once)?\(([^)]+)~
LINE: 69

FILE: system/engine/loader.php
REGEX: ~(require|include)(_once)?\(([^)]+)~
LINE: 77
LINE: 151
LINE: 168

FILE: system/library/config.php
REGEX: ~(require|include)(_once)?\(([^)]+)~
LINE: 59

FILE: system/library/language.php
REGEX: ~(require|include)(_once)?\(([^)]+)~
LINE: 67
LINE: 73

FILE: system/library/template/template.php
REGEX: ~(require|include)(_once)?\(([^)]+)~
LINE: 18

FILE: system/library/template/twig.php
CODE: $loader = new \Twig_Loader_Filesystem(DIR_TEMPLATE);
LINE: 19
----------------------------------------------------------------
MOD: Social Login By Tejas Rana

FILE: catalog/view/theme/default/template/account/login.twig
CODE: <div class="well">
LINE: 24
LINE: 31
CODE: type="submit"
LINE: 84
CODE: {{ footer }}
LINE: 99

FILE: catalog/controller/account/login.php
CODE: $data['header'] = $this->load->controller('common/header');
LINE: 372
----------------------------------------------------------------
2024-03-08 12:32:35 - MOD: Modification Default

FILE: system/engine/action.php
REGEX: ~(require|include)(_once)?\(([^)]+)~
LINE: 69

FILE: system/engine/loader.php
REGEX: ~(require|include)(_once)?\(([^)]+)~
LINE: 77
LINE: 151
LINE: 168

FILE: system/library/config.php
REGEX: ~(require|include)(_once)?\(([^)]+)~
LINE: 59

FILE: system/library/language.php
REGEX: ~(require|include)(_once)?\(([^)]+)~
LINE: 67
LINE: 73

FILE: system/library/template/template.php
REGEX: ~(require|include)(_once)?\(([^)]+)~
LINE: 18

FILE: system/library/template/twig.php
CODE: $loader = new \Twig_Loader_Filesystem(DIR_TEMPLATE);
LINE: 19
----------------------------------------------------------------
MOD: Social Login By Tejas Rana

FILE: catalog/view/theme/default/template/account/login.twig
CODE: <div class="well">
LINE: 24
LINE: 31
CODE: type="submit"
LINE: 84
CODE: {{ footer }}
LINE: 99

FILE: catalog/controller/account/login.php
CODE: $data['header'] = $this->load->controller('common/header');
LINE: 372
----------------------------------------------------------------
2024-03-26 8:01:28 - MOD: Modification Default

FILE: system/engine/action.php
REGEX: ~(require|include)(_once)?\(([^)]+)~
LINE: 69

FILE: system/engine/loader.php
REGEX: ~(require|include)(_once)?\(([^)]+)~
LINE: 77
LINE: 151
LINE: 168

FILE: system/library/config.php
REGEX: ~(require|include)(_once)?\(([^)]+)~
LINE: 59

FILE: system/library/language.php
REGEX: ~(require|include)(_once)?\(([^)]+)~
LINE: 67
LINE: 73

FILE: system/library/template/template.php
REGEX: ~(require|include)(_once)?\(([^)]+)~
LINE: 18

FILE: system/library/template/twig.php
CODE: $loader = new \Twig_Loader_Filesystem(DIR_TEMPLATE);
LINE: 19
----------------------------------------------------------------
MOD: Social Login By Tejas Rana

FILE: catalog/view/theme/default/template/account/login.twig
CODE: <div class="well">
LINE: 24
LINE: 31
CODE: type="submit"
LINE: 84
CODE: {{ footer }}
LINE: 99

FILE: catalog/controller/account/login.php
CODE: $data['header'] = $this->load->controller('common/header');
LINE: 372
----------------------------------------------------------------
2024-03-30 12:05:47 - MOD: Modification Default

FILE: system/engine/action.php
REGEX: ~(require|include)(_once)?\(([^)]+)~
LINE: 69

FILE: system/engine/loader.php
REGEX: ~(require|include)(_once)?\(([^)]+)~
LINE: 77
LINE: 151
LINE: 168

FILE: system/library/config.php
REGEX: ~(require|include)(_once)?\(([^)]+)~
LINE: 59

FILE: system/library/language.php
REGEX: ~(require|include)(_once)?\(([^)]+)~
LINE: 67
LINE: 73

FILE: system/library/template/template.php
REGEX: ~(require|include)(_once)?\(([^)]+)~
LINE: 18

FILE: system/library/template/twig.php
CODE: $loader = new \Twig_Loader_Filesystem(DIR_TEMPLATE);
LINE: 19
----------------------------------------------------------------
MOD: Social Login By Tejas Rana

FILE: catalog/view/theme/default/template/account/login.twig
CODE: <div class="well">
LINE: 24
LINE: 31
CODE: type="submit"
LINE: 84
CODE: {{ footer }}
LINE: 99

FILE: catalog/controller/account/login.php
CODE: $data['header'] = $this->load->controller('common/header');
LINE: 372
----------------------------------------------------------------
2024-04-02 10:46:42 - MOD: Modification Default

FILE: system/engine/action.php
REGEX: ~(require|include)(_once)?\(([^)]+)~
LINE: 69

FILE: system/engine/loader.php
REGEX: ~(require|include)(_once)?\(([^)]+)~
LINE: 77
LINE: 151
LINE: 168

FILE: system/library/config.php
REGEX: ~(require|include)(_once)?\(([^)]+)~
LINE: 59

FILE: system/library/language.php
REGEX: ~(require|include)(_once)?\(([^)]+)~
LINE: 67
LINE: 73

FILE: system/library/template/template.php
REGEX: ~(require|include)(_once)?\(([^)]+)~
LINE: 18

FILE: system/library/template/twig.php
CODE: $loader = new \Twig_Loader_Filesystem(DIR_TEMPLATE);
LINE: 19
----------------------------------------------------------------
MOD: Social Login By Tejas Rana

FILE: catalog/view/theme/default/template/account/login.twig
CODE: <div class="well">
LINE: 24
LINE: 31
CODE: type="submit"
LINE: 84
CODE: {{ footer }}
LINE: 99

FILE: catalog/controller/account/login.php
CODE: $data['header'] = $this->load->controller('common/header');
LINE: 372
----------------------------------------------------------------
2024-04-02 12:11:33 - MOD: Modification Default

FILE: system/engine/action.php
REGEX: ~(require|include)(_once)?\(([^)]+)~
LINE: 69

FILE: system/engine/loader.php
REGEX: ~(require|include)(_once)?\(([^)]+)~
LINE: 77
LINE: 151
LINE: 168

FILE: system/library/config.php
REGEX: ~(require|include)(_once)?\(([^)]+)~
LINE: 59

FILE: system/library/language.php
REGEX: ~(require|include)(_once)?\(([^)]+)~
LINE: 67
LINE: 73

FILE: system/library/template/template.php
REGEX: ~(require|include)(_once)?\(([^)]+)~
LINE: 18

FILE: system/library/template/twig.php
CODE: $loader = new \Twig_Loader_Filesystem(DIR_TEMPLATE);
LINE: 19
----------------------------------------------------------------
MOD: Social Login By Tejas Rana

FILE: catalog/view/theme/default/template/account/login.twig
CODE: <div class="well">
NOT FOUND - OPERATIONS ABORTED!

FILE: catalog/controller/account/login.php
CODE: $data['header'] = $this->load->controller('common/header');
LINE: 372
----------------------------------------------------------------
2024-04-03 7:46:41 - MOD: Modification Default

FILE: system/engine/action.php
REGEX: ~(require|include)(_once)?\(([^)]+)~
LINE: 69

FILE: system/engine/loader.php
REGEX: ~(require|include)(_once)?\(([^)]+)~
LINE: 77
LINE: 151
LINE: 168

FILE: system/library/config.php
REGEX: ~(require|include)(_once)?\(([^)]+)~
LINE: 59

FILE: system/library/language.php
REGEX: ~(require|include)(_once)?\(([^)]+)~
LINE: 67
LINE: 73

FILE: system/library/template/template.php
REGEX: ~(require|include)(_once)?\(([^)]+)~
LINE: 18

FILE: system/library/template/twig.php
CODE: $loader = new \Twig_Loader_Filesystem(DIR_TEMPLATE);
LINE: 19
----------------------------------------------------------------
MOD: Social Login By Tejas Rana

FILE: catalog/view/theme/default/template/account/login.twig
CODE: <div class="well">
NOT FOUND - OPERATIONS ABORTED!

FILE: catalog/controller/account/login.php
CODE: $data['header'] = $this->load->controller('common/header');
LINE: 372
----------------------------------------------------------------
2024-04-03 7:46:47 - MOD: Modification Default

FILE: system/engine/action.php
REGEX: ~(require|include)(_once)?\(([^)]+)~
LINE: 69

FILE: system/engine/loader.php
REGEX: ~(require|include)(_once)?\(([^)]+)~
LINE: 77
LINE: 151
LINE: 168

FILE: system/library/config.php
REGEX: ~(require|include)(_once)?\(([^)]+)~
LINE: 59

FILE: system/library/language.php
REGEX: ~(require|include)(_once)?\(([^)]+)~
LINE: 67
LINE: 73

FILE: system/library/template/template.php
REGEX: ~(require|include)(_once)?\(([^)]+)~
LINE: 18

FILE: system/library/template/twig.php
CODE: $loader = new \Twig_Loader_Filesystem(DIR_TEMPLATE);
LINE: 19
----------------------------------------------------------------
MOD: Social Login By Tejas Rana

FILE: catalog/view/theme/default/template/account/login.twig
CODE: <div class="well">
NOT FOUND - OPERATIONS ABORTED!

FILE: catalog/controller/account/login.php
CODE: $data['header'] = $this->load->controller('common/header');
LINE: 372
----------------------------------------------------------------
2024-04-03 9:37:13 - MOD: Modification Default

FILE: system/engine/action.php
REGEX: ~(require|include)(_once)?\(([^)]+)~
LINE: 69

FILE: system/engine/loader.php
REGEX: ~(require|include)(_once)?\(([^)]+)~
LINE: 77
LINE: 151
LINE: 168

FILE: system/library/config.php
REGEX: ~(require|include)(_once)?\(([^)]+)~
LINE: 59

FILE: system/library/language.php
REGEX: ~(require|include)(_once)?\(([^)]+)~
LINE: 67
LINE: 73

FILE: system/library/template/template.php
REGEX: ~(require|include)(_once)?\(([^)]+)~
LINE: 18

FILE: system/library/template/twig.php
CODE: $loader = new \Twig_Loader_Filesystem(DIR_TEMPLATE);
LINE: 19
----------------------------------------------------------------
MOD: Social Login By Tejas Rana

FILE: catalog/view/theme/default/template/account/login.twig
CODE: <div class="well">
NOT FOUND - OPERATIONS ABORTED!

FILE: catalog/controller/account/login.php
CODE: $data['header'] = $this->load->controller('common/header');
LINE: 372
----------------------------------------------------------------
2024-04-09 7:53:14 - MOD: Modification Default

FILE: system/engine/action.php
REGEX: ~(require|include)(_once)?\(([^)]+)~
LINE: 69

FILE: system/engine/loader.php
REGEX: ~(require|include)(_once)?\(([^)]+)~
LINE: 77
LINE: 151
LINE: 168

FILE: system/library/config.php
REGEX: ~(require|include)(_once)?\(([^)]+)~
LINE: 59

FILE: system/library/language.php
REGEX: ~(require|include)(_once)?\(([^)]+)~
LINE: 67
LINE: 73

FILE: system/library/template/template.php
REGEX: ~(require|include)(_once)?\(([^)]+)~
LINE: 18

FILE: system/library/template/twig.php
CODE: $loader = new \Twig_Loader_Filesystem(DIR_TEMPLATE);
LINE: 19
----------------------------------------------------------------
MOD: Social Login By Tejas Rana

FILE: catalog/view/theme/default/template/account/login.twig
CODE: <div class="well">
NOT FOUND - OPERATIONS ABORTED!

FILE: catalog/controller/account/login.php
CODE: $data['header'] = $this->load->controller('common/header');
LINE: 372
----------------------------------------------------------------
2024-04-09 9:06:27 - MOD: Modification Default

FILE: system/engine/action.php
REGEX: ~(require|include)(_once)?\(([^)]+)~
LINE: 69

FILE: system/engine/loader.php
REGEX: ~(require|include)(_once)?\(([^)]+)~
LINE: 77
LINE: 151
LINE: 168

FILE: system/library/config.php
REGEX: ~(require|include)(_once)?\(([^)]+)~
LINE: 59

FILE: system/library/language.php
REGEX: ~(require|include)(_once)?\(([^)]+)~
LINE: 67
LINE: 73

FILE: system/library/template/template.php
REGEX: ~(require|include)(_once)?\(([^)]+)~
LINE: 18

FILE: system/library/template/twig.php
CODE: $loader = new \Twig_Loader_Filesystem(DIR_TEMPLATE);
LINE: 19
----------------------------------------------------------------
MOD: Social Login By Tejas Rana

FILE: catalog/view/theme/default/template/account/login.twig
CODE: <div class="well">
NOT FOUND - OPERATIONS ABORTED!

FILE: catalog/controller/account/login.php
CODE: $data['header'] = $this->load->controller('common/header');
LINE: 372
----------------------------------------------------------------
2024-04-09 11:18:01 - MOD: Modification Default

FILE: system/engine/action.php
REGEX: ~(require|include)(_once)?\(([^)]+)~
LINE: 69

FILE: system/engine/loader.php
REGEX: ~(require|include)(_once)?\(([^)]+)~
LINE: 77
LINE: 151
LINE: 168

FILE: system/library/config.php
REGEX: ~(require|include)(_once)?\(([^)]+)~
LINE: 59

FILE: system/library/language.php
REGEX: ~(require|include)(_once)?\(([^)]+)~
LINE: 67
LINE: 73

FILE: system/library/template/template.php
REGEX: ~(require|include)(_once)?\(([^)]+)~
LINE: 18

FILE: system/library/template/twig.php
CODE: $loader = new \Twig_Loader_Filesystem(DIR_TEMPLATE);
LINE: 19
----------------------------------------------------------------
MOD: Social Login By Tejas Rana

FILE: catalog/view/theme/default/template/account/login.twig
CODE: <div class="well">
NOT FOUND - OPERATIONS ABORTED!

FILE: catalog/controller/account/login.php
CODE: $data['header'] = $this->load->controller('common/header');
LINE: 372
----------------------------------------------------------------
2024-04-12 6:54:43 - MOD: Modification Default

FILE: system/engine/action.php
REGEX: ~(require|include)(_once)?\(([^)]+)~
LINE: 69

FILE: system/engine/loader.php
REGEX: ~(require|include)(_once)?\(([^)]+)~
LINE: 77
LINE: 151
LINE: 168

FILE: system/library/config.php
REGEX: ~(require|include)(_once)?\(([^)]+)~
LINE: 59

FILE: system/library/language.php
REGEX: ~(require|include)(_once)?\(([^)]+)~
LINE: 67
LINE: 73

FILE: system/library/template/template.php
REGEX: ~(require|include)(_once)?\(([^)]+)~
LINE: 18

FILE: system/library/template/twig.php
CODE: $loader = new \Twig_Loader_Filesystem(DIR_TEMPLATE);
LINE: 19
----------------------------------------------------------------
MOD: Social Login By Tejas Rana

FILE: catalog/view/theme/default/template/account/login.twig
CODE: <div class="well">
NOT FOUND - OPERATIONS ABORTED!

FILE: catalog/controller/account/login.php
CODE: $data['header'] = $this->load->controller('common/header');
LINE: 372
----------------------------------------------------------------
2024-04-17 8:56:53 - MOD: Modification Default

FILE: system/engine/action.php
REGEX: ~(require|include)(_once)?\(([^)]+)~
LINE: 69

FILE: system/engine/loader.php
REGEX: ~(require|include)(_once)?\(([^)]+)~
LINE: 77
LINE: 151
LINE: 168

FILE: system/library/config.php
REGEX: ~(require|include)(_once)?\(([^)]+)~
LINE: 59

FILE: system/library/language.php
REGEX: ~(require|include)(_once)?\(([^)]+)~
LINE: 67
LINE: 73

FILE: system/library/template/template.php
REGEX: ~(require|include)(_once)?\(([^)]+)~
LINE: 18

FILE: system/library/template/twig.php
CODE: $loader = new \Twig_Loader_Filesystem(DIR_TEMPLATE);
LINE: 19
----------------------------------------------------------------
MOD: Social Login By Tejas Rana

FILE: catalog/view/theme/default/template/account/login.twig
CODE: <div class="well">
NOT FOUND - OPERATIONS ABORTED!

FILE: catalog/controller/account/login.php
CODE: $data['header'] = $this->load->controller('common/header');
LINE: 372
----------------------------------------------------------------
2024-05-11 11:25:41 - MOD: Modification Default

FILE: system/engine/action.php
REGEX: ~(require|include)(_once)?\(([^)]+)~
LINE: 69

FILE: system/engine/loader.php
REGEX: ~(require|include)(_once)?\(([^)]+)~
LINE: 77
LINE: 151
LINE: 168

FILE: system/library/config.php
REGEX: ~(require|include)(_once)?\(([^)]+)~
LINE: 59

FILE: system/library/language.php
REGEX: ~(require|include)(_once)?\(([^)]+)~
LINE: 67
LINE: 73

FILE: system/library/template/template.php
REGEX: ~(require|include)(_once)?\(([^)]+)~
LINE: 18

FILE: system/library/template/twig.php
CODE: $loader = new \Twig_Loader_Filesystem(DIR_TEMPLATE);
LINE: 19
----------------------------------------------------------------
MOD: Social Login By Tejas Rana

FILE: catalog/view/theme/default/template/account/login.twig
CODE: <div class="well">
NOT FOUND - OPERATIONS ABORTED!

FILE: catalog/controller/account/login.php
CODE: $data['header'] = $this->load->controller('common/header');
LINE: 372
----------------------------------------------------------------
2024-05-16 9:11:53 - MOD: Modification Default

FILE: system/engine/action.php
REGEX: ~(require|include)(_once)?\(([^)]+)~
LINE: 69

FILE: system/engine/loader.php
REGEX: ~(require|include)(_once)?\(([^)]+)~
LINE: 77
LINE: 151
LINE: 168

FILE: system/library/config.php
REGEX: ~(require|include)(_once)?\(([^)]+)~
LINE: 59

FILE: system/library/language.php
REGEX: ~(require|include)(_once)?\(([^)]+)~
LINE: 67
LINE: 73

FILE: system/library/template/template.php
REGEX: ~(require|include)(_once)?\(([^)]+)~
LINE: 18

FILE: system/library/template/twig.php
CODE: $loader = new \Twig_Loader_Filesystem(DIR_TEMPLATE);
LINE: 19
----------------------------------------------------------------
MOD: Social Login By Tejas Rana

FILE: catalog/view/theme/default/template/account/login.twig
CODE: <div class="well">
NOT FOUND - OPERATIONS ABORTED!

FILE: catalog/controller/account/login.php
CODE: $data['header'] = $this->load->controller('common/header');
LINE: 372
----------------------------------------------------------------
2024-05-22 10:41:36 - MOD: Modification Default

FILE: system/engine/action.php
REGEX: ~(require|include)(_once)?\(([^)]+)~
LINE: 69

FILE: system/engine/loader.php
REGEX: ~(require|include)(_once)?\(([^)]+)~
LINE: 77
LINE: 151
LINE: 168

FILE: system/library/config.php
REGEX: ~(require|include)(_once)?\(([^)]+)~
LINE: 59

FILE: system/library/language.php
REGEX: ~(require|include)(_once)?\(([^)]+)~
LINE: 67
LINE: 73

FILE: system/library/template/template.php
REGEX: ~(require|include)(_once)?\(([^)]+)~
LINE: 18

FILE: system/library/template/twig.php
CODE: $loader = new \Twig_Loader_Filesystem(DIR_TEMPLATE);
LINE: 19
----------------------------------------------------------------
MOD: Social Login By Tejas Rana

FILE: catalog/view/theme/default/template/account/login.twig
CODE: <div class="well">
NOT FOUND - OPERATIONS ABORTED!

FILE: catalog/controller/account/login.php
CODE: $data['header'] = $this->load->controller('common/header');
LINE: 372
----------------------------------------------------------------
2024-05-31 7:02:27 - MOD: Modification Default

FILE: system/engine/action.php
REGEX: ~(require|include)(_once)?\(([^)]+)~
LINE: 69

FILE: system/engine/loader.php
REGEX: ~(require|include)(_once)?\(([^)]+)~
LINE: 77
LINE: 151
LINE: 168

FILE: system/library/config.php
REGEX: ~(require|include)(_once)?\(([^)]+)~
LINE: 59

FILE: system/library/language.php
REGEX: ~(require|include)(_once)?\(([^)]+)~
LINE: 67
LINE: 73

FILE: system/library/template/template.php
REGEX: ~(require|include)(_once)?\(([^)]+)~
LINE: 18

FILE: system/library/template/twig.php
CODE: $loader = new \Twig_Loader_Filesystem(DIR_TEMPLATE);
LINE: 19
----------------------------------------------------------------
MOD: Social Login By Tejas Rana

FILE: catalog/view/theme/default/template/account/login.twig
CODE: <div class="well">
NOT FOUND - OPERATIONS ABORTED!

FILE: catalog/controller/account/login.php
CODE: $data['header'] = $this->load->controller('common/header');
LINE: 372
----------------------------------------------------------------
2024-05-31 7:27:06 - MOD: Modification Default

FILE: system/engine/action.php
REGEX: ~(require|include)(_once)?\(([^)]+)~
LINE: 69

FILE: system/engine/loader.php
REGEX: ~(require|include)(_once)?\(([^)]+)~
LINE: 77
LINE: 151
LINE: 168

FILE: system/library/config.php
REGEX: ~(require|include)(_once)?\(([^)]+)~
LINE: 59

FILE: system/library/language.php
REGEX: ~(require|include)(_once)?\(([^)]+)~
LINE: 67
LINE: 73

FILE: system/library/template/template.php
REGEX: ~(require|include)(_once)?\(([^)]+)~
LINE: 18

FILE: system/library/template/twig.php
CODE: $loader = new \Twig_Loader_Filesystem(DIR_TEMPLATE);
LINE: 19
----------------------------------------------------------------
MOD: Social Login By Tejas Rana

FILE: catalog/view/theme/default/template/account/login.twig
CODE: <div class="well">
NOT FOUND - OPERATIONS ABORTED!

FILE: catalog/controller/account/login.php
CODE: $data['header'] = $this->load->controller('common/header');
LINE: 372
----------------------------------------------------------------
2024-06-07 10:49:27 - MOD: Modification Default

FILE: system/engine/action.php
REGEX: ~(require|include)(_once)?\(([^)]+)~
LINE: 69

FILE: system/engine/loader.php
REGEX: ~(require|include)(_once)?\(([^)]+)~
LINE: 77
LINE: 151
LINE: 168

FILE: system/library/config.php
REGEX: ~(require|include)(_once)?\(([^)]+)~
LINE: 59

FILE: system/library/language.php
REGEX: ~(require|include)(_once)?\(([^)]+)~
LINE: 67
LINE: 73

FILE: system/library/template/template.php
REGEX: ~(require|include)(_once)?\(([^)]+)~
LINE: 18

FILE: system/library/template/twig.php
CODE: $loader = new \Twig_Loader_Filesystem(DIR_TEMPLATE);
LINE: 19
----------------------------------------------------------------
MOD: Social Login By Tejas Rana

FILE: catalog/view/theme/default/template/account/login.twig
CODE: <div class="well">
NOT FOUND - OPERATIONS ABORTED!

FILE: catalog/controller/account/login.php
CODE: $data['header'] = $this->load->controller('common/header');
LINE: 372
----------------------------------------------------------------
2024-06-20 9:52:34 - MOD: Modification Default

FILE: system/engine/action.php
REGEX: ~(require|include)(_once)?\(([^)]+)~
LINE: 69

FILE: system/engine/loader.php
REGEX: ~(require|include)(_once)?\(([^)]+)~
LINE: 77
LINE: 151
LINE: 168

FILE: system/library/config.php
REGEX: ~(require|include)(_once)?\(([^)]+)~
LINE: 59

FILE: system/library/language.php
REGEX: ~(require|include)(_once)?\(([^)]+)~
LINE: 67
LINE: 73

FILE: system/library/template/template.php
REGEX: ~(require|include)(_once)?\(([^)]+)~
LINE: 18

FILE: system/library/template/twig.php
CODE: $loader = new \Twig_Loader_Filesystem(DIR_TEMPLATE);
LINE: 19
----------------------------------------------------------------
MOD: Social Login By Tejas Rana

FILE: catalog/view/theme/default/template/account/login.twig
CODE: <div class="well">
NOT FOUND - OPERATIONS ABORTED!

FILE: catalog/controller/account/login.php
CODE: $data['header'] = $this->load->controller('common/header');
LINE: 372
----------------------------------------------------------------
2024-06-20 10:57:56 - MOD: Modification Default

FILE: system/engine/action.php
REGEX: ~(require|include)(_once)?\(([^)]+)~
LINE: 69

FILE: system/engine/loader.php
REGEX: ~(require|include)(_once)?\(([^)]+)~
LINE: 77
LINE: 151
LINE: 168

FILE: system/library/config.php
REGEX: ~(require|include)(_once)?\(([^)]+)~
LINE: 59

FILE: system/library/language.php
REGEX: ~(require|include)(_once)?\(([^)]+)~
LINE: 67
LINE: 73

FILE: system/library/template/template.php
REGEX: ~(require|include)(_once)?\(([^)]+)~
LINE: 18

FILE: system/library/template/twig.php
CODE: $loader = new \Twig_Loader_Filesystem(DIR_TEMPLATE);
LINE: 19
----------------------------------------------------------------
MOD: Social Login By Tejas Rana

FILE: catalog/view/theme/default/template/account/login.twig
CODE: <div class="well">
NOT FOUND - OPERATIONS ABORTED!

FILE: catalog/controller/account/login.php
CODE: $data['header'] = $this->load->controller('common/header');
LINE: 372
----------------------------------------------------------------
2024-06-21 10:26:35 - MOD: Modification Default

FILE: system/engine/action.php
REGEX: ~(require|include)(_once)?\(([^)]+)~
LINE: 69

FILE: system/engine/loader.php
REGEX: ~(require|include)(_once)?\(([^)]+)~
LINE: 77
LINE: 151
LINE: 168

FILE: system/library/config.php
REGEX: ~(require|include)(_once)?\(([^)]+)~
LINE: 59

FILE: system/library/language.php
REGEX: ~(require|include)(_once)?\(([^)]+)~
LINE: 67
LINE: 73

FILE: system/library/template/template.php
REGEX: ~(require|include)(_once)?\(([^)]+)~
LINE: 18

FILE: system/library/template/twig.php
CODE: $loader = new \Twig_Loader_Filesystem(DIR_TEMPLATE);
LINE: 19
----------------------------------------------------------------
MOD: PHPMailer Integration

FILE: admin/view/template/setting/setting.twig
CODE: <option value="smtp">{{ text_smtp }}</option>
LINE: 1099

FILE: system/library/mail.php
CODE: public $parameter;
LINE: 24
CODE: public function send() {
LINE: 125
----------------------------------------------------------------
MOD: Social Login By Tejas Rana

FILE: catalog/view/theme/default/template/account/login.twig
CODE: <div class="well">
NOT FOUND - OPERATIONS ABORTED!

FILE: catalog/controller/account/login.php
CODE: $data['header'] = $this->load->controller('common/header');
LINE: 372
----------------------------------------------------------------
2024-06-22 7:12:18 - MOD: Modification Default

FILE: system/engine/action.php
REGEX: ~(require|include)(_once)?\(([^)]+)~
LINE: 69

FILE: system/engine/loader.php
REGEX: ~(require|include)(_once)?\(([^)]+)~
LINE: 77
LINE: 151
LINE: 168

FILE: system/library/config.php
REGEX: ~(require|include)(_once)?\(([^)]+)~
LINE: 59

FILE: system/library/language.php
REGEX: ~(require|include)(_once)?\(([^)]+)~
LINE: 67
LINE: 73

FILE: system/library/template/template.php
REGEX: ~(require|include)(_once)?\(([^)]+)~
LINE: 18

FILE: system/library/template/twig.php
CODE: $loader = new \Twig_Loader_Filesystem(DIR_TEMPLATE);
LINE: 19
----------------------------------------------------------------
MOD: PHPMailer Integration

FILE: admin/view/template/setting/setting.twig
CODE: <option value="smtp">{{ text_smtp }}</option>
LINE: 1099

FILE: system/library/mail.php
CODE: public $parameter;
LINE: 24
CODE: public function send() {
LINE: 125
----------------------------------------------------------------
MOD: Social Login By Tejas Rana

FILE: catalog/view/theme/default/template/account/login.twig
CODE: <div class="well">
NOT FOUND - OPERATIONS ABORTED!

FILE: catalog/controller/account/login.php
CODE: $data['header'] = $this->load->controller('common/header');
LINE: 372
----------------------------------------------------------------
2024-07-08 10:08:38 - MOD: Modification Default

FILE: system/engine/action.php
REGEX: ~(require|include)(_once)?\(([^)]+)~
LINE: 69

FILE: system/engine/loader.php
REGEX: ~(require|include)(_once)?\(([^)]+)~
LINE: 77
LINE: 151
LINE: 168

FILE: system/library/config.php
REGEX: ~(require|include)(_once)?\(([^)]+)~
LINE: 59

FILE: system/library/language.php
REGEX: ~(require|include)(_once)?\(([^)]+)~
LINE: 67
LINE: 73

FILE: system/library/template/template.php
REGEX: ~(require|include)(_once)?\(([^)]+)~
LINE: 18

FILE: system/library/template/twig.php
CODE: $loader = new \Twig_Loader_Filesystem(DIR_TEMPLATE);
LINE: 19
----------------------------------------------------------------
MOD: PHPMailer Integration

FILE: admin/view/template/setting/setting.twig
CODE: <option value="smtp">{{ text_smtp }}</option>
LINE: 1099

FILE: system/library/mail.php
CODE: public $parameter;
LINE: 24
CODE: public function send() {
LINE: 125
----------------------------------------------------------------
MOD: Social Login By Tejas Rana

FILE: catalog/view/theme/default/template/account/login.twig
CODE: <div class="well">
NOT FOUND - OPERATIONS ABORTED!

FILE: catalog/controller/account/login.php
CODE: $data['header'] = $this->load->controller('common/header');
LINE: 372
----------------------------------------------------------------
2024-07-13 6:23:50 - MOD: Modification Default

FILE: system/engine/action.php
REGEX: ~(require|include)(_once)?\(([^)]+)~
LINE: 69

FILE: system/engine/loader.php
REGEX: ~(require|include)(_once)?\(([^)]+)~
LINE: 77
LINE: 151
LINE: 168

FILE: system/library/config.php
REGEX: ~(require|include)(_once)?\(([^)]+)~
LINE: 59

FILE: system/library/language.php
REGEX: ~(require|include)(_once)?\(([^)]+)~
LINE: 67
LINE: 73

FILE: system/library/template/template.php
REGEX: ~(require|include)(_once)?\(([^)]+)~
LINE: 18

FILE: system/library/template/twig.php
CODE: $loader = new \Twig_Loader_Filesystem(DIR_TEMPLATE);
LINE: 19
----------------------------------------------------------------
MOD: PHPMailer Integration

FILE: admin/view/template/setting/setting.twig
CODE: <option value="smtp">{{ text_smtp }}</option>
LINE: 1099

FILE: system/library/mail.php
CODE: public $parameter;
LINE: 24
CODE: public function send() {
LINE: 125
----------------------------------------------------------------
MOD: Social Login By Tejas Rana

FILE: catalog/view/theme/default/template/account/login.twig
CODE: <div class="well">
NOT FOUND - OPERATIONS ABORTED!

FILE: catalog/controller/account/login.php
CODE: $data['header'] = $this->load->controller('common/header');
LINE: 372
----------------------------------------------------------------
2024-08-23 9:29:07 - MOD: Modification Default

FILE: system/engine/action.php
REGEX: ~(require|include)(_once)?\(([^)]+)~
LINE: 69

FILE: system/engine/loader.php
REGEX: ~(require|include)(_once)?\(([^)]+)~
LINE: 77
LINE: 151
LINE: 168

FILE: system/library/config.php
REGEX: ~(require|include)(_once)?\(([^)]+)~
LINE: 59

FILE: system/library/language.php
REGEX: ~(require|include)(_once)?\(([^)]+)~
LINE: 67
LINE: 73

FILE: system/library/template/template.php
REGEX: ~(require|include)(_once)?\(([^)]+)~
LINE: 18

FILE: system/library/template/twig.php
CODE: $loader = new \Twig_Loader_Filesystem(DIR_TEMPLATE);
LINE: 19
----------------------------------------------------------------
MOD: PHPMailer Integration

FILE: admin/view/template/setting/setting.twig
CODE: <option value="smtp">{{ text_smtp }}</option>
LINE: 1099

FILE: system/library/mail.php
CODE: public $parameter;
LINE: 24
CODE: public function send() {
LINE: 125
----------------------------------------------------------------
MOD: Social Login By Tejas Rana

FILE: catalog/view/theme/default/template/account/login.twig
CODE: <div class="well">
NOT FOUND - OPERATIONS ABORTED!

FILE: catalog/controller/account/login.php
CODE: $data['header'] = $this->load->controller('common/header');
LINE: 372
----------------------------------------------------------------
2024-08-23 10:31:09 - MOD: Modification Default

FILE: system/engine/action.php
REGEX: ~(require|include)(_once)?\(([^)]+)~
LINE: 69

FILE: system/engine/loader.php
REGEX: ~(require|include)(_once)?\(([^)]+)~
LINE: 77
LINE: 151
LINE: 168

FILE: system/library/config.php
REGEX: ~(require|include)(_once)?\(([^)]+)~
LINE: 59

FILE: system/library/language.php
REGEX: ~(require|include)(_once)?\(([^)]+)~
LINE: 67
LINE: 73

FILE: system/library/template/template.php
REGEX: ~(require|include)(_once)?\(([^)]+)~
LINE: 18

FILE: system/library/template/twig.php
CODE: $loader = new \Twig_Loader_Filesystem(DIR_TEMPLATE);
LINE: 19
----------------------------------------------------------------
MOD: PHPMailer Integration

FILE: admin/view/template/setting/setting.twig
CODE: <option value="smtp">{{ text_smtp }}</option>
LINE: 1099

FILE: system/library/mail.php
CODE: public $parameter;
LINE: 24
CODE: public function send() {
LINE: 125
----------------------------------------------------------------
MOD: Social Login By Tejas Rana

FILE: catalog/view/theme/default/template/account/login.twig
CODE: <div class="well">
NOT FOUND - OPERATIONS ABORTED!

FILE: catalog/controller/account/login.php
CODE: $data['header'] = $this->load->controller('common/header');
LINE: 372
----------------------------------------------------------------
2024-08-23 11:07:23 - MOD: Modification Default

FILE: system/engine/action.php
REGEX: ~(require|include)(_once)?\(([^)]+)~
LINE: 69

FILE: system/engine/loader.php
REGEX: ~(require|include)(_once)?\(([^)]+)~
LINE: 77
LINE: 151
LINE: 168

FILE: system/library/config.php
REGEX: ~(require|include)(_once)?\(([^)]+)~
LINE: 59

FILE: system/library/language.php
REGEX: ~(require|include)(_once)?\(([^)]+)~
LINE: 67
LINE: 73

FILE: system/library/template/template.php
REGEX: ~(require|include)(_once)?\(([^)]+)~
LINE: 18

FILE: system/library/template/twig.php
CODE: $loader = new \Twig_Loader_Filesystem(DIR_TEMPLATE);
LINE: 19
----------------------------------------------------------------
MOD: PHPMailer Integration

FILE: admin/view/template/setting/setting.twig
CODE: <option value="smtp">{{ text_smtp }}</option>
LINE: 1099

FILE: system/library/mail.php
CODE: public $parameter;
LINE: 24
CODE: public function send() {
LINE: 125
----------------------------------------------------------------
MOD: Social Login By Tejas Rana

FILE: catalog/view/theme/default/template/account/login.twig
CODE: <div class="well">
NOT FOUND - OPERATIONS ABORTED!

FILE: catalog/controller/account/login.php
CODE: $data['header'] = $this->load->controller('common/header');
LINE: 372
----------------------------------------------------------------
2024-09-07 9:51:04 - MOD: Modification Default

FILE: system/engine/action.php
REGEX: ~(require|include)(_once)?\(([^)]+)~
LINE: 69

FILE: system/engine/loader.php
REGEX: ~(require|include)(_once)?\(([^)]+)~
LINE: 77
LINE: 151
LINE: 168

FILE: system/library/config.php
REGEX: ~(require|include)(_once)?\(([^)]+)~
LINE: 59

FILE: system/library/language.php
REGEX: ~(require|include)(_once)?\(([^)]+)~
LINE: 67
LINE: 73

FILE: system/library/template/template.php
REGEX: ~(require|include)(_once)?\(([^)]+)~
LINE: 18

FILE: system/library/template/twig.php
CODE: $loader = new \Twig_Loader_Filesystem(DIR_TEMPLATE);
LINE: 19
----------------------------------------------------------------
MOD: PHPMailer Integration

FILE: admin/view/template/setting/setting.twig
CODE: <option value="smtp">{{ text_smtp }}</option>
LINE: 1099

FILE: system/library/mail.php
CODE: public $parameter;
LINE: 24
CODE: public function send() {
LINE: 125
----------------------------------------------------------------
MOD: Social Login By Tejas Rana

FILE: catalog/view/theme/default/template/account/login.twig
CODE: <div class="well">
NOT FOUND - OPERATIONS ABORTED!

FILE: catalog/controller/account/login.php
CODE: $data['header'] = $this->load->controller('common/header');
LINE: 372
----------------------------------------------------------------
